<?xml version="1.0" encoding="UTF-8"?>
<testsuite xmlns:xsi="http://www.w3.org/2001/XMLSchema-instance" xsi:noNamespaceSchemaLocation="https://maven.apache.org/surefire/maven-surefire-plugin/xsd/surefire-test-report.xsd" name="edu.anu.cecc.shafinkamal.AppTest" time="0.017" tests="1" errors="0" skipped="0" failures="0">
  <properties>
    <property name="java.specification.version" value="21"/>
    <property name="sun.jnu.encoding" value="UTF-8"/>
    <property name="java.class.path" value="/Users/shafinkamal/Documents/Documents - Shafin’s MacBook Pro/2024 Uni/COMP3310/ASSIGNMENT_3/mqtt-client/target/test-classes:/Users/shafinkamal/Documents/Documents - Shafin’s MacBook Pro/2024 Uni/COMP3310/ASSIGNMENT_3/mqtt-client/target/classes:/Users/shafinkamal/.m2/repository/junit/junit/4.11/junit-4.11.jar:/Users/shafinkamal/.m2/repository/org/hamcrest/hamcrest-core/1.3/hamcrest-core-1.3.jar:/Users/shafinkamal/.m2/repository/org/eclipse/paho/org.eclipse.paho.mqttv5.client/1.2.5/org.eclipse.paho.mqttv5.client-1.2.5.jar:"/>
    <property name="java.vm.vendor" value="Homebrew"/>
    <property name="sun.arch.data.model" value="64"/>
    <property name="java.vendor.url" value="https://github.com/Homebrew/homebrew-core/issues"/>
    <property name="os.name" value="Mac OS X"/>
    <property name="java.vm.specification.version" value="21"/>
    <property name="sun.java.launcher" value="SUN_STANDARD"/>
    <property name="user.country" value="AU"/>
    <property name="sun.boot.library.path" value="/opt/homebrew/Cellar/openjdk/21.0.3/libexec/openjdk.jdk/Contents/Home/lib"/>
    <property name="sun.java.command" value="/Users/shafinkamal/Documents/Documents - Shafin’s MacBook Pro/2024 Uni/COMP3310/ASSIGNMENT_3/mqtt-client/target/surefire/surefirebooter9955825689294026327.jar /Users/shafinkamal/Documents/Documents - Shafin’s MacBook Pro/2024 Uni/COMP3310/ASSIGNMENT_3/mqtt-client/target/surefire 2024-05-21T17-19-38_718-jvmRun1 surefire1994890827975038817tmp surefire_05133559194873126227tmp"/>
    <property name="http.nonProxyHosts" value="local|*.local|169.254/16|*.169.254/16"/>
    <property name="jdk.debug" value="release"/>
    <property name="surefire.test.class.path" value="/Users/shafinkamal/Documents/Documents - Shafin’s MacBook Pro/2024 Uni/COMP3310/ASSIGNMENT_3/mqtt-client/target/test-classes:/Users/shafinkamal/Documents/Documents - Shafin’s MacBook Pro/2024 Uni/COMP3310/ASSIGNMENT_3/mqtt-client/target/classes:/Users/shafinkamal/.m2/repository/junit/junit/4.11/junit-4.11.jar:/Users/shafinkamal/.m2/repository/org/hamcrest/hamcrest-core/1.3/hamcrest-core-1.3.jar:/Users/shafinkamal/.m2/repository/org/eclipse/paho/org.eclipse.paho.mqttv5.client/1.2.5/org.eclipse.paho.mqttv5.client-1.2.5.jar:"/>
    <property name="sun.cpu.endian" value="little"/>
    <property name="user.home" value="/Users/shafinkamal"/>
    <property name="user.language" value="en"/>
    <property name="java.specification.vendor" value="Oracle Corporation"/>
    <property name="java.version.date" value="2024-04-16"/>
    <property name="java.home" value="/opt/homebrew/Cellar/openjdk/21.0.3/libexec/openjdk.jdk/Contents/Home"/>
    <property name="file.separator" value="/"/>
    <property name="basedir" value="/Users/shafinkamal/Documents/Documents - Shafin’s MacBook Pro/2024 Uni/COMP3310/ASSIGNMENT_3/mqtt-client"/>
    <property name="java.vm.compressedOopsMode" value="Zero based"/>
    <property name="line.separator" value="&#10;"/>
    <property name="java.vm.specification.vendor" value="Oracle Corporation"/>
    <property name="java.specification.name" value="Java Platform API Specification"/>
    <property name="apple.awt.application.name" value="ForkedBooter"/>
    <property name="surefire.real.class.path" value="/Users/shafinkamal/Documents/Documents - Shafin’s MacBook Pro/2024 Uni/COMP3310/ASSIGNMENT_3/mqtt-client/target/surefire/surefirebooter9955825689294026327.jar"/>
    <property name="sun.management.compiler" value="HotSpot 64-Bit Tiered Compilers"/>
    <property name="ftp.nonProxyHosts" value="local|*.local|169.254/16|*.169.254/16"/>
    <property name="java.runtime.version" value="21.0.3"/>
    <property name="user.name" value="shafinkamal"/>
    <property name="stdout.encoding" value="UTF-8"/>
    <property name="path.separator" value=":"/>
    <property name="os.version" value="14.3.1"/>
    <property name="java.runtime.name" value="OpenJDK Runtime Environment"/>
    <property name="file.encoding" value="UTF-8"/>
    <property name="java.vm.name" value="OpenJDK 64-Bit Server VM"/>
    <property name="java.vendor.version" value="Homebrew"/>
    <property name="localRepository" value="/Users/shafinkamal/.m2/repository"/>
    <property name="java.vendor.url.bug" value="https://github.com/Homebrew/homebrew-core/issues"/>
    <property name="java.io.tmpdir" value="/var/folders/cd/3q420nws3f34174hk7db3v9w0000gn/T/"/>
    <property name="java.version" value="21.0.3"/>
    <property name="user.dir" value="/Users/shafinkamal/Documents/Documents - Shafin’s MacBook Pro/2024 Uni/COMP3310/ASSIGNMENT_3/mqtt-client"/>
    <property name="os.arch" value="aarch64"/>
    <property name="java.vm.specification.name" value="Java Virtual Machine Specification"/>
    <property name="native.encoding" value="UTF-8"/>
    <property name="java.library.path" value="/Users/shafinkamal/Library/Java/Extensions:/Library/Java/Extensions:/Network/Library/Java/Extensions:/System/Library/Java/Extensions:/usr/lib/java:."/>
    <property name="java.vm.info" value="mixed mode, sharing"/>
    <property name="stderr.encoding" value="UTF-8"/>
    <property name="java.vendor" value="Homebrew"/>
    <property name="java.vm.version" value="21.0.3"/>
    <property name="sun.io.unicode.encoding" value="UnicodeBig"/>
    <property name="socksNonProxyHosts" value="local|*.local|169.254/16|*.169.254/16"/>
    <property name="java.class.version" value="65.0"/>
  </properties>
  <testcase name="shouldAnswerWithTrue" classname="edu.anu.cecc.shafinkamal.AppTest" time="0.002"/>
</testsuite>